Sun 14 Aug 2022 06:50:08 PM UTC: 
 exercises.c | 12 +++++++++++-
 1 file changed, 11 insertions(+), 1 deletion(-)
In file included from test.c:5:
exercises.c: In function ‘sumaNultimos’:
exercises.c:40:7: error: expected identifier or ‘(’ before ‘=’ token
   40 |   int = i = 0;
      |       ^
exercises.c:43:8: error: ‘i’ undeclared (first use in this function)
   43 |   for(;i < n/2; i++){
      |        ^
exercises.c:43:8: note: each undeclared identifier is reported only once for each function it appears in
Compilation failed
7690477
Sun 14 Aug 2022 06:50:12 PM UTC: 
In file included from test.c:5:
exercises.c: In function ‘sumaNultimos’:
exercises.c:40:7: error: expected identifier or ‘(’ before ‘=’ token
   40 |   int = i = 0;
      |       ^
exercises.c:43:8: error: ‘i’ undeclared (first use in this function)
   43 |   for(;i < n/2; i++){
      |        ^
exercises.c:43:8: note: each undeclared identifier is reported only once for each function it appears in
Compilation failed
1f5f987
Sun 14 Aug 2022 06:50:25 PM UTC: 
In file included from test.c:5:
exercises.c: In function ‘sumaNultimos’:
exercises.c:40:7: error: expected identifier or ‘(’ before ‘=’ token
   40 |   int = i = 0;
      |       ^
exercises.c:43:8: error: ‘i’ undeclared (first use in this function)
   43 |   for(;i < n/2; i++){
      |        ^
exercises.c:43:8: note: each undeclared identifier is reported only once for each function it appears in
Compilation failed
58b645c
Sun 14 Aug 2022 06:50:55 PM UTC: 
 exercises.c | 2 +-
 1 file changed, 1 insertion(+), 1 deletion(-)
 tests:  1|6
total_score: 10/70
fee729e
Sun 14 Aug 2022 06:58:38 PM UTC: 
 exercises.c | 2 ++
 1 file changed, 2 insertions(+)
 tests:  2|5
total_score: 20/70
7422bdf
Sun 14 Aug 2022 07:38:42 PM UTC: 
 exercises.c | 7 +++++--
 1 file changed, 5 insertions(+), 2 deletions(-)
In file included from test.c:5:
exercises.c: In function ‘crearPersona’:
exercises.c:67:13: error: unused variable ‘per’ [-Werror=unused-variable]
   67 |   Persona * per = (Persona*)malloc(sizeof(Persona));
      |             ^~~
cc1: all warnings being treated as errors
Compilation failed
55918da
Sun 14 Aug 2022 07:41:17 PM UTC: 
 exercises.c | 2 +-
 1 file changed, 1 insertion(+), 1 deletion(-)
 tests:  2|5
total_score: 20/70
a16fe58
Sun 14 Aug 2022 07:50:38 PM UTC: 
 exercises.c | 6 ++++--
 1 file changed, 4 insertions(+), 2 deletions(-)
In file included from test.c:5:
exercises.c: In function ‘crearVector’:
exercises.c:87:12: error: unused variable ‘v’ [-Werror=unused-variable]
   87 |   Vector * v =(Vector *)malloc(sizeof(Vector));
      |            ^
cc1: all warnings being treated as errors
Compilation failed
1136381
Sun 14 Aug 2022 07:58:06 PM UTC: 
 exercises.c | 2 ++
 1 file changed, 2 insertions(+)
In file included from test.c:5:
exercises.c: In function ‘crearVector’:
exercises.c:89:12: error: unused variable ‘v’ [-Werror=unused-variable]
   89 |   Vector * v =(Vector *)malloc(sizeof(Vector));
      |            ^
cc1: all warnings being treated as errors
Compilation failed
ae88bb8
Sun 14 Aug 2022 07:58:38 PM UTC: 
 exercises.c | 2 +-
 1 file changed, 1 insertion(+), 1 deletion(-)
 tests:  2|5
total_score: 20/70
72cb245
Sun 14 Aug 2022 08:02:09 PM UTC: 
 exercises.c | 2 +-
 1 file changed, 1 insertion(+), 1 deletion(-)
In file included from test.c:5:
exercises.c: In function ‘crearPersona’:
exercises.c:71:4: error: statement with no effect [-Werror=unused-value]
   71 |   p->edad;
      |   ~^~~~~~
cc1: all warnings being treated as errors
Compilation failed
ff58c16
Sun 14 Aug 2022 08:02:23 PM UTC: 
 exercises.c | 2 +-
 1 file changed, 1 insertion(+), 1 deletion(-)
 tests:  3|4
total_score: 30/70
0045c3d
Sun 14 Aug 2022 08:05:06 PM UTC: 
 exercises.c | 7 +++++--
 1 file changed, 5 insertions(+), 2 deletions(-)
In file included from test.c:5:
exercises.c: In function ‘crearVector’:
exercises.c:91:14: error: ‘datos’ undeclared (first use in this function)
   91 |   v->datos = datos;
      |              ^~~~~
exercises.c:91:14: note: each undeclared identifier is reported only once for each function it appears in
exercises.c:92:18: error: ‘capacidad’ undeclared (first use in this function)
   92 |   v->capacidad = capacidad:
      |                  ^~~~~~~~~
exercises.c:92:27: error: expected ‘;’ before ‘:’ token
   92 |   v->capacidad = capacidad:
      |                           ^
      |                           ;
exercises.c:95:1: error: control reaches end of non-void function [-Werror=return-type]
   95 | }
      | ^
cc1: all warnings being treated as errors
Compilation failed
a94370b
Sun 14 Aug 2022 08:09:26 PM UTC: 
 exercises.c | 2 +-
 1 file changed, 1 insertion(+), 1 deletion(-)
In file included from test.c:5:
exercises.c: In function ‘crearVector’:
exercises.c:91:14: error: ‘datos’ undeclared (first use in this function)
   91 |   v->datos = datos;
      |              ^~~~~
exercises.c:91:14: note: each undeclared identifier is reported only once for each function it appears in
exercises.c:92:19: error: expected ‘;’ before ‘:’ token
   92 |   v->capacidad = n:
      |                   ^
      |                   ;
exercises.c:95:1: error: control reaches end of non-void function [-Werror=return-type]
   95 | }
      | ^
cc1: all warnings being treated as errors
Compilation failed
1e36f34
Sun 14 Aug 2022 08:09:41 PM UTC: 
 exercises.c | 2 +-
 1 file changed, 1 insertion(+), 1 deletion(-)
In file included from test.c:5:
exercises.c: In function ‘crearVector’:
exercises.c:91:14: error: ‘datos’ undeclared (first use in this function)
   91 |   v->datos = datos;
      |              ^~~~~
exercises.c:91:14: note: each undeclared identifier is reported only once for each function it appears in
Compilation failed
d9abe9d
Sun 14 Aug 2022 08:10:55 PM UTC: 
 exercises.c | 5 +++--
 1 file changed, 3 insertions(+), 2 deletions(-)
In file included from test.c:5:
exercises.c:73:3: error: expected identifier or ‘(’ before ‘return’
   73 |   return p;
      |   ^~~~~~
exercises.c:74:1: error: expected identifier or ‘(’ before ‘}’ token
   74 | }
      | ^
exercises.c: In function ‘crearVector’:
exercises.c:92:15: error: ‘datos’ undeclared (first use in this function)
   92 |   v->datos = (datos*)calloc(sizeof(datos));
      |               ^~~~~
exercises.c:92:15: note: each undeclared identifier is reported only once for each function it appears in
exercises.c:92:21: error: expected expression before ‘)’ token
   92 |   v->datos = (datos*)calloc(sizeof(datos));
      |                     ^
exercises.c: In function ‘crearPersona’:
exercises.c:71:18: error: control reaches end of non-void function [-Werror=return-type]
   71 |   p->edad = edad;}
      |                  ^
cc1: all warnings being treated as errors
Compilation failed
fd0af41
Sun 14 Aug 2022 08:15:21 PM UTC: 
 exercises.c | 2 +-
 1 file changed, 1 insertion(+), 1 deletion(-)
In file included from test.c:5:
exercises.c:73:3: error: expected identifier or ‘(’ before ‘return’
   73 |   return p;
      |   ^~~~~~
exercises.c:74:1: error: expected identifier or ‘(’ before ‘}’ token
   74 | }
      | ^
exercises.c: In function ‘crearVector’:
exercises.c:92:15: error: ‘datos’ undeclared (first use in this function)
   92 |   v->datos = (datos *)calloc(sizeof(datos));
      |               ^~~~~
exercises.c:92:15: note: each undeclared identifier is reported only once for each function it appears in
exercises.c:92:22: error: expected expression before ‘)’ token
   92 |   v->datos = (datos *)calloc(sizeof(datos));
      |                      ^
exercises.c: In function ‘crearPersona’:
exercises.c:71:18: error: control reaches end of non-void function [-Werror=return-type]
   71 |   p->edad = edad;}
      |                  ^
cc1: all warnings being treated as errors
Compilation failed
a11a98f
Sun 14 Aug 2022 08:16:51 PM UTC: 
 exercises.c | 2 +-
 1 file changed, 1 insertion(+), 1 deletion(-)
In file included from test.c:5:
exercises.c: In function ‘crearVector’:
exercises.c:92:15: error: ‘datos’ undeclared (first use in this function)
   92 |   v->datos = (datos *)calloc(sizeof(datos));
      |               ^~~~~
exercises.c:92:15: note: each undeclared identifier is reported only once for each function it appears in
exercises.c:92:22: error: expected expression before ‘)’ token
   92 |   v->datos = (datos *)calloc(sizeof(datos));
      |                      ^
Compilation failed
49ab842
Sun 14 Aug 2022 08:18:33 PM UTC: 
 exercises.c | 2 +-
 1 file changed, 1 insertion(+), 1 deletion(-)
In file included from test.c:5:
exercises.c: In function ‘crearVector’:
exercises.c:92:38: error: expected ‘)’ before ‘n’
   92 |   v->datos = (int *)calloc(sizeof(int n));
      |                                  ~   ^~
      |                                      )
exercises.c:92:21: error: too few arguments to function ‘calloc’
   92 |   v->datos = (int *)calloc(sizeof(int n));
      |                     ^~~~~~
In file included from test.c:2:
/nix/store/iwd8ic5hhwdxn5dga0im55g5hjl270cd-glibc-2.33-47-dev/include/stdlib.h:542:14: note: declared here
  542 | extern void *calloc (size_t __nmemb, size_t __size)
      |              ^~~~~~
Compilation failed
e731006
Sun 14 Aug 2022 08:19:06 PM UTC: 
 exercises.c | 2 +-
 1 file changed, 1 insertion(+), 1 deletion(-)
In file included from test.c:5:
exercises.c: In function ‘crearVector’:
exercises.c:92:21: error: too few arguments to function ‘calloc’
   92 |   v->datos = (int *)calloc(sizeof(int));
      |                     ^~~~~~
In file included from test.c:2:
/nix/store/iwd8ic5hhwdxn5dga0im55g5hjl270cd-glibc-2.33-47-dev/include/stdlib.h:542:14: note: declared here
  542 | extern void *calloc (size_t __nmemb, size_t __size)
      |              ^~~~~~
Compilation failed
f606552
Sun 14 Aug 2022 08:19:41 PM UTC: 
 exercises.c | 2 +-
 1 file changed, 1 insertion(+), 1 deletion(-)
 tests:  4|3
total_score: 40/70
3a981a3
Sun 14 Aug 2022 08:24:14 PM UTC: 
 exercises.c | 2 +-
 1 file changed, 1 insertion(+), 1 deletion(-)
In file included from test.c:5:
exercises.c: In function ‘obtenerValor’:
exercises.c:114:20: error: expected expression before ‘]’ token
  114 |    return v->datos[];
      |                    ^
exercises.c:115:1: error: control reaches end of non-void function [-Werror=return-type]
  115 | }
      | ^
cc1: all warnings being treated as errors
Compilation failed
0b68123
Sun 14 Aug 2022 08:24:32 PM UTC: 
 exercises.c | 2 +-
 1 file changed, 1 insertion(+), 1 deletion(-)
 tests:  6|2
total_score: 50/70
a234e43
Sun 14 Aug 2022 09:07:12 PM UTC: 
 exercises.c | 2 +-
 1 file changed, 1 insertion(+), 1 deletion(-)
In file included from test.c:5:
exercises.c: In function ‘sumaNultimos’:
exercises.c:43:21: error: expected ‘;’ before ‘)’ token
   43 |   for(i=0 < n/2; i++){
      |                     ^
      |                     ;
Compilation failed
3cc018e
Sun 14 Aug 2022 09:11:28 PM UTC: 
 exercises.c | 2 +-
 1 file changed, 1 insertion(+), 1 deletion(-)
 tests:  6|2
total_score: 50/70
6257017
Sun 14 Aug 2022 09:21:48 PM UTC: 
 exercises.c | 1 +
 1 file changed, 1 insertion(+)
In file included from test.c:5:
exercises.c: In function ‘sumaV’:
exercises.c:122:4: error: ‘Vector’ has no member named ‘a’
  122 |   c->a+b
      |    ^~
exercises.c:122:9: error: expected ‘;’ before ‘}’ token
  122 |   c->a+b
      |         ^
      |         ;
  123 | 
  124 | }
      | ~        
Compilation failed
83c2b3e
Sun 14 Aug 2022 09:21:57 PM UTC: 
 exercises.c | 2 +-
 1 file changed, 1 insertion(+), 1 deletion(-)
 tests:  6|2
total_score: 50/70
7e76dab
Sun 14 Aug 2022 09:31:54 PM UTC: 
 exercises.c | 2 +-
 1 file changed, 1 insertion(+), 1 deletion(-)
In file included from test.c:5:
exercises.c: In function ‘sumaV’:
exercises.c:122:5: error: ‘i’ undeclared (first use in this function)
  122 |   c[i]=a[i]+b[i]
      |     ^
exercises.c:122:5: note: each undeclared identifier is reported only once for each function it appears in
exercises.c:122:17: error: expected ‘;’ before ‘}’ token
  122 |   c[i]=a[i]+b[i]
      |                 ^
      |                 ;
  123 | 
  124 | }
      | ~                
Compilation failed
97c65ab
Sun 14 Aug 2022 09:36:19 PM UTC: 
 exercises.c | 2 ++
 1 file changed, 2 insertions(+)
In file included from test.c:5:
exercises.c: In function ‘sumaV’:
exercises.c:122:7: error: ‘i’ undeclared (first use in this function)
  122 |   for(i=0; i<3; i++){
      |       ^
exercises.c:122:7: note: each undeclared identifier is reported only once for each function it appears in
exercises.c:123:19: error: expected ‘;’ before ‘}’ token
  123 |     c[i]=a[i]+b[i]
      |                   ^
      |                   ;
  124 |   }
      |   ~                
Compilation failed
cc21ab5
Sun 14 Aug 2022 09:37:09 PM UTC: 
 exercises.c | 2 +-
 1 file changed, 1 insertion(+), 1 deletion(-)
In file included from test.c:5:
exercises.c: In function ‘sumaV’:
exercises.c:122:7: error: ‘i’ undeclared (first use in this function)
  122 |   for(i=0; i<3; i++){
      |       ^
exercises.c:122:7: note: each undeclared identifier is reported only once for each function it appears in
Compilation failed
04664ff
Sun 14 Aug 2022 09:39:40 PM UTC: 
 exercises.c | 2 ++
 1 file changed, 2 insertions(+)
 tests:  7|1
total_score: 60/70
995446c
Sun 14 Aug 2022 09:43:27 PM UTC: 
 exercises.c | 3 +--
 1 file changed, 1 insertion(+), 2 deletions(-)
In file included from test.c:5:
exercises.c: In function ‘sumaV’:
exercises.c:122:11: error: expected expression before ‘;’ token
  122 |   int i = ;
      |           ^
Compilation failed
563b4ef
Sun 14 Aug 2022 09:43:35 PM UTC: 
 exercises.c | 2 +-
 1 file changed, 1 insertion(+), 1 deletion(-)
 tests:  7|1
total_score: 60/70
c43e63a
Sun 14 Aug 2022 10:04:20 PM UTC: 
 exercises.c | 1 +
 1 file changed, 1 insertion(+)
In file included from test.c:5:
exercises.c: In function ‘sumaV2’:
exercises.c:137:12: error: expected expression before ‘]’ token
  137 |   c->datos[]= (a1+a2)+(b1+b2)
      |            ^
exercises.c:137:30: error: expected ‘;’ before ‘}’ token
  137 |   c->datos[]= (a1+a2)+(b1+b2)
      |                              ^
      |                              ;
  138 | 
  139 | }
      | ~                             
Compilation failed
aab81b7
Sun 14 Aug 2022 11:26:01 PM UTC: 
 exercises.c | 34 +++++++++++++++++-----------------
 1 file changed, 17 insertions(+), 17 deletions(-)
 tests:  7|1
total_score: 60/70
abe0fef
Sun 14 Aug 2022 11:28:24 PM UTC: 
 exercises.c | 4 ++--
 1 file changed, 2 insertions(+), 2 deletions(-)
 tests:  7|1
total_score: 60/70
d49bbfc
Sun 14 Aug 2022 11:29:29 PM UTC: 
 exercises.c | 4 ++--
 1 file changed, 2 insertions(+), 2 deletions(-)
 tests:  8|0
total_score: 70/70
dbbeef1
